============================== 18-01-14 06:32 pm ==============================
Failed to send email
mail(): Failed to connect to mailserver at "localhost" port 25, verify your "SMTP" and "smtp_port" setting in php.ini or use ini_set()

From: test@asimpleforum.com
Reply-To: test@asimpleforum.com
MIME-Version: 1.0
Content-Type: text/html; charset=ISO-8859-1


test@asimpleforum.com

doddsey65@hotmail.com

============================== 18-01-14 06:33 pm ==============================
Failed to send email
mail(): Failed to connect to mailserver at "localhost" port 25, verify your "SMTP" and "smtp_port" setting in php.ini or use ini_set()

From: test@asimpleforum.com
Reply-To: test@asimpleforum.com
MIME-Version: 1.0
Content-Type: text/html; charset=ISO-8859-1


test@asimpleforum.com

doddsey65@hotmail.com

============================== 18-01-14 06:35 pm ==============================
Failed to send email
mail(): Failed to connect to mailserver at "localhost" port 25, verify your "SMTP" and "smtp_port" setting in php.ini or use ini_set()

From: test@asimpleforum.com
Reply-To: test@asimpleforum.com
MIME-Version: 1.0
Content-Type: text/html; charset=ISO-8859-1


test@asimpleforum.com

doddsey65@hotmail.com

============================== 18-01-14 06:37 pm ==============================
Failed to send email
mail(): Failed to connect to mailserver at "localhost" port 25, verify your "SMTP" and "smtp_port" setting in php.ini or use ini_set()

From: test@asimpleforum.com
Reply-To: test@asimpleforum.com
MIME-Version: 1.0
Content-Type: text/html; charset=ISO-8859-1


test@asimpleforum.com

doddsey65@hotmail.com

============================== 18-01-14 06:37 pm ==============================
Failed to send email
mail(): Failed to connect to mailserver at "localhost" port 25, verify your "SMTP" and "smtp_port" setting in php.ini or use ini_set()

From: test@asimpleforum.com
Reply-To: test@asimpleforum.com
MIME-Version: 1.0
Content-Type: text/html; charset=ISO-8859-1


test@asimpleforum.com

doddsey65@hotmail.com

============================== 18-01-14 06:40 pm ==============================
Failed to send email
mail(): Failed to connect to mailserver at "localhost" port 25, verify your "SMTP" and "smtp_port" setting in php.ini or use ini_set()

From: test@asimpleforum.com
Reply-To: test@asimpleforum.com
MIME-Version: 1.0
Content-Type: text/html; charset=ISO-8859-1


test@asimpleforum.com

doddsey65@hotmail.com

============================== 18-01-14 06:42 pm ==============================
Failed to send email
mail(): Failed to connect to mailserver at "localhost" port 25, verify your "SMTP" and "smtp_port" setting in php.ini or use ini_set()

From: test@asimpleforum.com
Reply-To: test@asimpleforum.com
MIME-Version: 1.0
Content-Type: text/html; charset=ISO-8859-1


test@asimpleforum.com

doddsey65@hotmail.com

============================== 18-01-14 06:43 pm ==============================
Failed to send email
mail(): Failed to connect to mailserver at "localhost" port 25, verify your "SMTP" and "smtp_port" setting in php.ini or use ini_set()

From: test@asimpleforum.com
Reply-To: test@asimpleforum.com
MIME-Version: 1.0
Content-Type: text/html; charset=ISO-8859-1


test@asimpleforum.com

doddsey65@hotmail.com

